<?xml version="1.0" encoding="UTF-8"?><testsuite errors="5" failures="0" name="tdtp.quickTests.QuickTests" skipped="0" tests="8" time="153.83" timestamp="2022-05-16 03:22:13"><testcase classname="tdtp.quickTests.QuickTests" name="Users page loads after selection"/><testcase classname="tdtp.quickTests.QuickTests" name="Manage bookings page loads after login"/><testcase classname="tdtp.quickTests.QuickTests" name="Buildings page loads after selection"><error message="Expected condition failed: waiting for element to be clickable: Proxy element for: BasePage.buildingsTab (tried for 35 second(s) with 500 milliseconds interval)" type="org.openqa.selenium.TimeoutException">Expected condition failed: waiting for element to be clickable: Proxy element for: BasePage.buildingsTab (tried for 35 second(s) with 500 milliseconds interval)</error><system-err>Expected condition failed: waiting for element to be clickable: Proxy element for: BasePage.buildingsTab (tried for 35 second(s) with 500 milliseconds interval)&#13;
tdtp.pages.mainApp.BasePage.waitForElement(BasePage.java:67)&#13;
tdtp.pages.mainApp.BasePage.clickOnTab(BasePage.java:43)&#13;
tdtp.steps.serenity.EndUserSteps.select_buildingsPage(EndUserSteps.java:82)&#13;
tdtp.quickTests.QuickTests.buildingsPage_loads_after_selection(QuickTests.java:62)&#13;
</system-err></testcase><testcase classname="tdtp.quickTests.QuickTests" name="Desks page loads after selection"/><testcase classname="tdtp.quickTests.QuickTests" name="Reports page loads after selection"><error message="Expected condition failed: waiting for element to be clickable: Proxy element for: BasePage.reportsTab (tried for 35 second(s) with 500 milliseconds interval)" type="org.openqa.selenium.TimeoutException">Expected condition failed: waiting for element to be clickable: Proxy element for: BasePage.reportsTab (tried for 35 second(s) with 500 milliseconds interval)</error><system-err>Expected condition failed: waiting for element to be clickable: Proxy element for: BasePage.reportsTab (tried for 35 second(s) with 500 milliseconds interval)&#13;
tdtp.pages.mainApp.BasePage.waitForElement(BasePage.java:67)&#13;
tdtp.pages.mainApp.BasePage.clickOnTab(BasePage.java:55)&#13;
tdtp.steps.serenity.EndUserSteps.select_reportsPage(EndUserSteps.java:97)&#13;
tdtp.quickTests.QuickTests.reportsPage_loads_after_selection(QuickTests.java:98)&#13;
</system-err></testcase><testcase classname="tdtp.quickTests.QuickTests" name="Manage bookings page loads after selection"><error message="Timed out after 2 seconds. Element not available&#10;Build info: version: '3.141.59', revision: 'e82be7d358', time: '2018-11-14T08:17:03'&#10;System info: host: 'DESKTOP-T2P60S2', ip: '192.168.1.107', os.name: 'Windows 10', os.arch: 'amd64', os.version: '10.0', java.version: '1.8.0_332'&#10;Driver info: driver.version: unknown" type="org.openqa.selenium.ElementNotVisibleException">Timed out after 2 seconds. Element not available
Build info: version: '3.141.59', revision: 'e82be7d358', time: '2018-11-14T08:17:03'
System info: host: 'DESKTOP-T2P60S2', ip: '192.168.1.107', os.name: 'Windows 10', os.arch: 'amd64', os.version: '10.0', java.version: '1.8.0_332'
Driver info: driver.version: unknown</error><system-err>Timed out after 2 seconds. Element not available
Build info: version: '3.141.59', revision: 'e82be7d358', time: '2018-11-14T08:17:03'
System info: host: 'DESKTOP-T2P60S2', ip: '192.168.1.107', os.name: 'Windows 10', os.arch: 'amd64', os.version: '10.0', java.version: '1.8.0_332'
Driver info: driver.version: unknown&#13;
tdtp.pages.mainApp.BasePage.waitForElement(BasePage.java:67)&#13;
tdtp.pages.mainApp.BasePage.clickOnTab(BasePage.java:39)&#13;
tdtp.steps.serenity.EndUserSteps.select_manageBookingsPage(EndUserSteps.java:77)&#13;
tdtp.quickTests.QuickTests.manageBookingsPage_loads_after_selection(QuickTests.java:50)&#13;
</system-err></testcase><testcase classname="tdtp.quickTests.QuickTests" name="Contact page loads after selection"><error message="Expected condition failed: waiting for element to be clickable: Proxy element for: BasePage.contactTab (tried for 35 second(s) with 500 milliseconds interval)" type="org.openqa.selenium.TimeoutException">Expected condition failed: waiting for element to be clickable: Proxy element for: BasePage.contactTab (tried for 35 second(s) with 500 milliseconds interval)</error><system-err>Expected condition failed: waiting for element to be clickable: Proxy element for: BasePage.contactTab (tried for 35 second(s) with 500 milliseconds interval)&#13;
tdtp.pages.mainApp.BasePage.waitForElement(BasePage.java:67)&#13;
tdtp.pages.mainApp.BasePage.clickOnTab(BasePage.java:59)&#13;
tdtp.steps.serenity.EndUserSteps.select_contactPage(EndUserSteps.java:102)&#13;
tdtp.quickTests.QuickTests.contactPage_loads_after_selection(QuickTests.java:110)&#13;
</system-err></testcase><testcase classname="tdtp.quickTests.QuickTests" name="Login page loads after authentication"><error message="no such element: Unable to locate element: {&quot;method&quot;:&quot;xpath&quot;,&quot;selector&quot;:&quot;//*[@id='__next']//img[@src = 'blob:https://lighthouse-demo.evozon.com/38f0db63-18d5-45ab-a5fa-6ff7bee1e9e4']&quot;}&#10;  (Session info: chrome=101.0.4951.67)&#10;For documentation on this error, please visit: https://www.seleniumhq.org/exceptions/no_such_element.html&#10;Build info: version: '3.141.59', revision: 'e82be7d358', time: '2018-11-14T08:17:03'&#10;System info: host: 'DESKTOP-T2P60S2', ip: '192.168.1.107', os.name: 'Windows 10', os.arch: 'amd64', os.version: '10.0', java.version: '1.8.0_332'&#10;Driver info: org.openqa.selenium.chrome.ChromeDriver&#10;Capabilities {acceptInsecureCerts: false, browserName: chrome, browserVersion: 101.0.4951.67, chrome: {chromedriverVersion: 101.0.4951.41 (93c720db8323..., userDataDir: C:\Users\raul_\AppData\Loca...}, goog:chromeOptions: {debuggerAddress: localhost:56863}, javascriptEnabled: true, networkConnectionEnabled: false, pageLoadStrategy: normal, platform: WINDOWS, platformName: WINDOWS, proxy: Proxy(), setWindowRect: true, strictFileInteractability: false, timeouts: {implicit: 0, pageLoad: 300000, script: 30000}, unhandledPromptBehavior: dismiss and notify, webauthn:extension:credBlob: true, webauthn:extension:largeBlob: true, webauthn:virtualAuthenticators: true}&#10;Session ID: 179258ab2c09c30daa2fb7a8c235b180&#10;*** Element info: {Using=xpath, value=//*[@id='__next']//img[@src = 'blob:https://lighthouse-demo.evozon.com/38f0db63-18d5-45ab-a5fa-6ff7bee1e9e4']}" type="org.openqa.selenium.NoSuchElementException">no such element: Unable to locate element: {"method":"xpath","selector":"//*[@id='__next']//img[@src = 'blob:https://lighthouse-demo.evozon.com/38f0db63-18d5-45ab-a5fa-6ff7bee1e9e4']"}
  (Session info: chrome=101.0.4951.67)
For documentation on this error, please visit: https://www.seleniumhq.org/exceptions/no_such_element.html
Build info: version: '3.141.59', revision: 'e82be7d358', time: '2018-11-14T08:17:03'
System info: host: 'DESKTOP-T2P60S2', ip: '192.168.1.107', os.name: 'Windows 10', os.arch: 'amd64', os.version: '10.0', java.version: '1.8.0_332'
Driver info: org.openqa.selenium.chrome.ChromeDriver
Capabilities {acceptInsecureCerts: false, browserName: chrome, browserVersion: 101.0.4951.67, chrome: {chromedriverVersion: 101.0.4951.41 (93c720db8323..., userDataDir: C:\Users\raul_\AppData\Loca...}, goog:chromeOptions: {debuggerAddress: localhost:56863}, javascriptEnabled: true, networkConnectionEnabled: false, pageLoadStrategy: normal, platform: WINDOWS, platformName: WINDOWS, proxy: Proxy(), setWindowRect: true, strictFileInteractability: false, timeouts: {implicit: 0, pageLoad: 300000, script: 30000}, unhandledPromptBehavior: dismiss and notify, webauthn:extension:credBlob: true, webauthn:extension:largeBlob: true, webauthn:virtualAuthenticators: true}
Session ID: 179258ab2c09c30daa2fb7a8c235b180
*** Element info: {Using=xpath, value=//*[@id='__next']//img[@src = 'blob:https://lighthouse-demo.evozon.com/38f0db63-18d5-45ab-a5fa-6ff7bee1e9e4']}</error><system-err>no such element: Unable to locate element: {"method":"xpath","selector":"//*[@id='__next']//img[@src = 'blob:https://lighthouse-demo.evozon.com/38f0db63-18d5-45ab-a5fa-6ff7bee1e9e4']"}
  (Session info: chrome=101.0.4951.67)
For documentation on this error, please visit: https://www.seleniumhq.org/exceptions/no_such_element.html
Build info: version: '3.141.59', revision: 'e82be7d358', time: '2018-11-14T08:17:03'
System info: host: 'DESKTOP-T2P60S2', ip: '192.168.1.107', os.name: 'Windows 10', os.arch: 'amd64', os.version: '10.0', java.version: '1.8.0_332'
Driver info: org.openqa.selenium.chrome.ChromeDriver
Capabilities {acceptInsecureCerts: false, browserName: chrome, browserVersion: 101.0.4951.67, chrome: {chromedriverVersion: 101.0.4951.41 (93c720db8323..., userDataDir: C:\Users\raul_\AppData\Loca...}, goog:chromeOptions: {debuggerAddress: localhost:56863}, javascriptEnabled: true, networkConnectionEnabled: false, pageLoadStrategy: normal, platform: WINDOWS, platformName: WINDOWS, proxy: Proxy(), setWindowRect: true, strictFileInteractability: false, timeouts: {implicit: 0, pageLoad: 300000, script: 30000}, unhandledPromptBehavior: dismiss and notify, webauthn:extension:credBlob: true, webauthn:extension:largeBlob: true, webauthn:virtualAuthenticators: true}
Session ID: 179258ab2c09c30daa2fb7a8c235b180
*** Element info: {Using=xpath, value=//*[@id='__next']//img[@src = 'blob:https://lighthouse-demo.evozon.com/38f0db63-18d5-45ab-a5fa-6ff7bee1e9e4']}&#13;
tdtp.pages.LoginPage.is_loginPage(LoginPage.java:34)&#13;
tdtp.steps.serenity.EndUserSteps.should_be_on_login_page(EndUserSteps.java:72)&#13;
tdtp.quickTests.QuickTests.loginPage_loads_after_authentication(QuickTests.java:29)&#13;
</system-err></testcase></testsuite>